╔══════════════════════════════════════════════════════════════╗
║                                                              ║
║           OpenClaw 定时任务执行监控                          ║
║                                                              ║
╚══════════════════════════════════════════════════════════════╝
[INFO] 13:02:12 任务名称: daily-ai-insight-6am-manual
[INFO] 13:02:12 执行脚本: /root/.openclaw/workspace/scripts/daily-ai-insight.sh
[INFO] 13:02:12 开始时间: 2026-03-16 13:02:12
[INFO] 13:02:12 日志文件: /root/.openclaw/workspace/logs/daily-ai-insight-6am-manual-20260316-130212.log

[STEP 1/5] 13:02:12 ▶ 检查任务脚本...
[SUCCESS] 13:02:12 ✅ 脚本检查通过

[STEP 2/5] 13:02:12 ▶ 检查依赖环境...
[SUCCESS] 13:02:12 ✅ 依赖检查通过

[STEP 3/5] 13:02:12 ▶ 预执行检查...
[INFO] 13:02:12 磁盘使用率: 34%
[SUCCESS] 13:02:13 ✅ 预检查完成

[STEP 4/5] 13:02:13 ▶ 执行任务脚本...
═══════════════════════════════════════════════════════════════

=== 每日AI技术洞察报告生成 ===
日期: 2026年03月16日
时间: Mon Mar 16 01:02:13 PM CST 2026
转换工具: wps-skill

/root/.openclaw/workspace/scripts/daily-ai-insight.sh: line 446: unexpected EOF while looking for matching `"'

═══════════════════════════════════════════════════════════════
[SUCCESS] 13:02:13 ✅ 任务执行完成

[STEP 5/5] 13:02:13 ▶ 执行后处理...
[SUCCESS] 13:02:13 ✅ 后处理完成

╔══════════════════════════════════════════════════════════════╗
║                     任务执行完成                              ║
╠══════════════════════════════════════════════════════════════╣
║  任务名称: daily-ai-insight-6am-manual
║  执行耗时: 0分1秒
║  结束时间: 2026-03-16 13:02:13
║  日志文件: /root/.openclaw/workspace/logs/daily-ai-insight-6am-manual-20260316-130212.log
╚══════════════════════════════════════════════════════════════╝
