=== 每日AI动态洞察报告生成（早8点）===
日期: 2026年03月16日
时间: 08:00

【开始洞察24小时AI动态】

【发送邮件通知】
Traceback (most recent call last):
  File "/root/.openclaw/workspace/skills/smtp-sender/email_sender.py", line 70, in <module>
    send_email(
  File "/root/.openclaw/workspace/skills/smtp-sender/email_sender.py", line 42, in send_email
    with open(file_path, 'rb') as attachment:
         ^^^^^^^^^^^^^^^^^^^^^
FileNotFoundError: [Errno 2] No such file or directory: '搜索最新AI动态...'
  ✓ 邮件发送完成
【归档管理】
  ✓ 已清理30天前的旧报告

=== 报告生成完成 ===
输出目录: /root/.openclaw/workspace/output/daily-ai-news/2026-03-16
生成文件:
-rw-r--r-- 1 root root 1.5K Mar 16 08:00 /root/.openclaw/workspace/output/daily-ai-news/2026-03-16/AI动态洞察报告_20260316.md

邮件已发送至: 273477656@qq.com
