╔══════════════════════════════════════════════════════════════╗
║                                                              ║
║           OpenClaw 定时任务执行监控                          ║
║                                                              ║
╚══════════════════════════════════════════════════════════════╝
[INFO] 12:45:42 任务名称: system-health-check-21h
[INFO] 12:45:42 执行脚本: /root/.openclaw/workspace/scripts/system-health-check.sh
[INFO] 12:45:42 开始时间: 2026-03-16 12:45:42
[INFO] 12:45:42 日志文件: /root/.openclaw/workspace/logs/system-health-check-21h-20260316-124542.log

[STEP 1/5] 12:45:42 ▶ 检查任务脚本...
[SUCCESS] 12:45:42 ✅ 脚本检查通过

[STEP 2/5] 12:45:42 ▶ 检查依赖环境...
[SUCCESS] 12:45:42 ✅ 依赖检查通过

[STEP 3/5] 12:45:42 ▶ 预执行检查...
[INFO] 12:45:42 磁盘使用率: 34%
[SUCCESS] 12:45:42 ✅ 预检查完成

[STEP 4/5] 12:45:42 ▶ 执行任务脚本...
═══════════════════════════════════════════════════════════════

=== OpenClaw 系统健康检查 ===
时间: Mon Mar 16 12:45:42 PM CST 2026

【1. 系统配置检查】
测试: 工作区目录存在 ... ✓ 通过

═══════════════════════════════════════════════════════════════
[SUCCESS] 12:45:42 ✅ 任务执行完成

[STEP 5/5] 12:45:42 ▶ 执行后处理...
[SUCCESS] 12:45:42 ✅ 后处理完成

╔══════════════════════════════════════════════════════════════╗
║                     任务执行完成                              ║
╠══════════════════════════════════════════════════════════════╣
║  任务名称: system-health-check-21h
║  执行耗时: 0分0秒
║  结束时间: 2026-03-16 12:45:42
║  日志文件: /root/.openclaw/workspace/logs/system-health-check-21h-20260316-124542.log
╚══════════════════════════════════════════════════════════════╝
