╔══════════════════════════════════════════════════════════════╗
║                                                              ║
║           OpenClaw 定时任务执行监控                          ║
║                                                              ║
╚══════════════════════════════════════════════════════════════╝
[INFO] 13:00:36 任务名称: system-health-check-manual
[INFO] 13:00:36 执行脚本: /root/.openclaw/workspace/scripts/system-health-check.sh
[INFO] 13:00:36 开始时间: 2026-03-16 13:00:36
[INFO] 13:00:36 日志文件: /root/.openclaw/workspace/logs/system-health-check-manual-20260316-130036.log

[STEP 1/5] 13:00:36 ▶ 检查任务脚本...
[SUCCESS] 13:00:36 ✅ 脚本检查通过

[STEP 2/5] 13:00:36 ▶ 检查依赖环境...
[SUCCESS] 13:00:36 ✅ 依赖检查通过

[STEP 3/5] 13:00:36 ▶ 预执行检查...
[INFO] 13:00:36 磁盘使用率: 34%
[SUCCESS] 13:00:36 ✅ 预检查完成

[STEP 4/5] 13:00:36 ▶ 执行任务脚本...
═══════════════════════════════════════════════════════════════

=== OpenClaw 系统健康检查 ===
时间: Mon Mar 16 01:00:36 PM CST 2026

【1. 系统配置检查】
测试: 工作区目录存在 ... ✓ 通过

═══════════════════════════════════════════════════════════════
[SUCCESS] 13:00:36 ✅ 任务执行完成

[STEP 5/5] 13:00:36 ▶ 执行后处理...
[SUCCESS] 13:00:36 ✅ 后处理完成

╔══════════════════════════════════════════════════════════════╗
║                     任务执行完成                              ║
╠══════════════════════════════════════════════════════════════╣
║  任务名称: system-health-check-manual
║  执行耗时: 0分0秒
║  结束时间: 2026-03-16 13:00:36
║  日志文件: /root/.openclaw/workspace/logs/system-health-check-manual-20260316-130036.log
╚══════════════════════════════════════════════════════════════╝
